Daily update: Mon Oct 27 17:41:02 UTC 2025
Daily update: Mon Oct 27 17:41:12 UTC 2025
Daily update: Tue Oct 28 09:40:31 UTC 2025
Daily update: Wed Oct 29 09:39:55 UTC 2025
Daily update: Thu Oct 30 09:40:34 UTC 2025
Daily update: Fri Oct 31 09:40:06 UTC 2025
Daily update: Sat Nov  1 09:35:59 UTC 2025
Daily update: Sun Nov  2 09:35:28 UTC 2025
Daily update: Mon Nov  3 09:43:17 UTC 2025
Daily update: Tue Nov  4 09:42:25 UTC 2025
Daily update: Wed Nov  5 09:42:43 UTC 2025
Daily update: Thu Nov  6 09:41:24 UTC 2025
Daily update: Fri Nov  7 09:39:30 UTC 2025
Daily update: Sat Nov  8 09:36:13 UTC 2025
Daily update: Sun Nov  9 09:35:40 UTC 2025
Daily update: Mon Nov 10 09:43:14 UTC 2025
Daily update: Tue Nov 11 09:41:06 UTC 2025
Daily update: Wed Nov 12 09:41:49 UTC 2025
Daily update: Thu Nov 13 09:41:53 UTC 2025
Daily update: Fri Nov 14 09:40:59 UTC 2025
Daily update: Sat Nov 15 09:36:11 UTC 2025
Daily update: Sun Nov 16 09:37:04 UTC 2025
Daily update: Mon Nov 17 09:43:47 UTC 2025
Daily update: Tue Nov 18 09:41:50 UTC 2025
Daily update: Wed Nov 19 09:41:47 UTC 2025
Daily update: Thu Nov 20 09:40:17 UTC 2025
Daily update: Fri Nov 21 09:40:18 UTC 2025
Daily update: Sat Nov 22 09:36:32 UTC 2025
Daily update: Sun Nov 23 09:37:03 UTC 2025
Daily update: Mon Nov 24 09:44:29 UTC 2025
Daily update: Tue Nov 25 09:43:30 UTC 2025
Daily update: Wed Nov 26 09:43:23 UTC 2025
Daily update: Thu Nov 27 09:41:47 UTC 2025
Daily update: Fri Nov 28 09:40:14 UTC 2025
Daily update: Sat Nov 29 09:37:36 UTC 2025
